0 info it worked if it ends with ok
1 verbose cli [ '/Users/dubbs/nvm/v0.8.12/bin/node',
1 verbose cli   '/Users/dubbs/nvm/v0.8.12/bin/npm',
1 verbose cli   'update',
1 verbose cli   '-g',
1 verbose cli   'yeoman' ]
2 info using npm@1.1.63
3 info using node@v0.8.12
4 verbose read json /Users/dubbs/nvm/v0.8.12/lib/package.json
5 verbose read json /Users/dubbs/nvm/v0.8.12/lib/node_modules/bower/package.json
6 verbose read json /Users/dubbs/nvm/v0.8.12/lib/node_modules/browserify/package.json
7 verbose read json /Users/dubbs/nvm/v0.8.12/lib/node_modules/ender/package.json
8 verbose read json /Users/dubbs/nvm/v0.8.12/lib/node_modules/less/package.json
9 verbose read json /Users/dubbs/nvm/v0.8.12/lib/node_modules/npm/package.json
10 verbose read json /Users/dubbs/nvm/v0.8.12/lib/node_modules/requirejs/package.json
11 verbose read json /Users/dubbs/nvm/v0.8.12/lib/node_modules/uglify-js/package.json
12 verbose read json /Users/dubbs/nvm/v0.8.12/lib/node_modules/yeoman/package.json
13 verbose read json /Users/dubbs/nvm/v0.8.12/lib/node_modules/zombie/package.json
14 verbose from cache /Users/dubbs/nvm/v0.8.12/lib/node_modules/browserify/package.json
15 verbose cache add [ 'yeoman', '*' ]
16 silly cache add name="yeoman" spec="*" args=["yeoman","*"]
17 verbose parsed url { pathname: '*', path: '*', href: '*' }
18 verbose addNamed [ 'yeoman', '*' ]
19 verbose addNamed [ null, '' ]
20 verbose from cache /Users/dubbs/nvm/v0.8.12/lib/node_modules/ender/package.json
21 verbose from cache /Users/dubbs/nvm/v0.8.12/lib/node_modules/bower/package.json
22 verbose from cache /Users/dubbs/nvm/v0.8.12/lib/node_modules/less/package.json
23 verbose from cache /Users/dubbs/nvm/v0.8.12/lib/node_modules/zombie/package.json
24 verbose from cache /Users/dubbs/nvm/v0.8.12/lib/node_modules/uglify-js/package.json
25 verbose from cache /Users/dubbs/nvm/v0.8.12/lib/node_modules/requirejs/package.json
26 verbose from cache /Users/dubbs/nvm/v0.8.12/lib/node_modules/npm/package.json
27 verbose read json /Users/dubbs/nvm/v0.8.12/lib/node_modules/browserify/node_modules/.bin/package.json
28 verbose read json /Users/dubbs/nvm/v0.8.12/lib/node_modules/browserify/node_modules/buffer-browserify/package.json
29 verbose read json /Users/dubbs/nvm/v0.8.12/lib/node_modules/browserify/node_modules/coffee-script/package.json
30 verbose read json /Users/dubbs/nvm/v0.8.12/lib/node_modules/browserify/node_modules/commondir/package.json
31 verbose read json /Users/dubbs/nvm/v0.8.12/lib/node_modules/browserify/node_modules/crypto-browserify/package.json
32 verbose read json /Users/dubbs/nvm/v0.8.12/lib/node_modules/browserify/node_modules/deputy/package.json
33 verbose read json /Users/dubbs/nvm/v0.8.12/lib/node_modules/browserify/node_modules/detective/package.json
34 verbose read json /Users/dubbs/nvm/v0.8.12/lib/node_modules/browserify/node_modules/http-browserify/package.json
35 verbose read json /Users/dubbs/nvm/v0.8.12/lib/node_modules/browserify/node_modules/nub/package.json
36 verbose read json /Users/dubbs/nvm/v0.8.12/lib/node_modules/browserify/node_modules/optimist/package.json
37 verbose read json /Users/dubbs/nvm/v0.8.12/lib/node_modules/browserify/node_modules/resolve/package.json
38 verbose read json /Users/dubbs/nvm/v0.8.12/lib/node_modules/browserify/node_modules/syntax-error/package.json
39 verbose read json /Users/dubbs/nvm/v0.8.12/lib/node_modules/browserify/node_modules/vm-browserify/package.json
40 verbose read json /Users/dubbs/nvm/v0.8.12/lib/node_modules/ender/node_modules/.bin/package.json
41 verbose read json /Users/dubbs/nvm/v0.8.12/lib/node_modules/ender/node_modules/async/package.json
42 verbose read json /Users/dubbs/nvm/v0.8.12/lib/node_modules/ender/node_modules/colors/package.json
43 verbose read json /Users/dubbs/nvm/v0.8.12/lib/node_modules/ender/node_modules/npm/package.json
44 verbose read json /Users/dubbs/nvm/v0.8.12/lib/node_modules/ender/node_modules/sink-test/package.json
45 verbose read json /Users/dubbs/nvm/v0.8.12/lib/node_modules/ender/node_modules/uglify-js/package.json
46 verbose read json /Users/dubbs/nvm/v0.8.12/lib/node_modules/npm/node_modules/abbrev/package.json
47 verbose read json /Users/dubbs/nvm/v0.8.12/lib/node_modules/npm/node_modules/ansi/package.json
48 verbose read json /Users/dubbs/nvm/v0.8.12/lib/node_modules/npm/node_modules/archy/package.json
49 verbose read json /Users/dubbs/nvm/v0.8.12/lib/node_modules/npm/node_modules/block-stream/package.json
50 verbose read json /Users/dubbs/nvm/v0.8.12/lib/node_modules/npm/node_modules/chownr/package.json
51 verbose read json /Users/dubbs/nvm/v0.8.12/lib/node_modules/npm/node_modules/fstream/package.json
52 verbose read json /Users/dubbs/nvm/v0.8.12/lib/node_modules/npm/node_modules/fstream-npm/package.json
53 verbose read json /Users/dubbs/nvm/v0.8.12/lib/node_modules/npm/node_modules/glob/package.json
54 verbose read json /Users/dubbs/nvm/v0.8.12/lib/node_modules/npm/node_modules/graceful-fs/package.json
55 verbose read json /Users/dubbs/nvm/v0.8.12/lib/node_modules/npm/node_modules/inherits/package.json
56 verbose read json /Users/dubbs/nvm/v0.8.12/lib/node_modules/npm/node_modules/ini/package.json
57 verbose read json /Users/dubbs/nvm/v0.8.12/lib/node_modules/npm/node_modules/init-package-json/package.json
58 verbose read json /Users/dubbs/nvm/v0.8.12/lib/node_modules/npm/node_modules/lockfile/package.json
59 verbose read json /Users/dubbs/nvm/v0.8.12/lib/node_modules/npm/node_modules/lru-cache/package.json
60 verbose read json /Users/dubbs/nvm/v0.8.12/lib/node_modules/npm/node_modules/minimatch/package.json
61 verbose read json /Users/dubbs/nvm/v0.8.12/lib/node_modules/npm/node_modules/mkdirp/package.json
62 verbose read json /Users/dubbs/nvm/v0.8.12/lib/node_modules/npm/node_modules/node-gyp/package.json
63 verbose read json /Users/dubbs/nvm/v0.8.12/lib/node_modules/npm/node_modules/nopt/package.json
64 verbose read json /Users/dubbs/nvm/v0.8.12/lib/node_modules/npm/node_modules/npm-registry-client/package.json
65 verbose read json /Users/dubbs/nvm/v0.8.12/lib/node_modules/npm/node_modules/npmconf/package.json
66 verbose read json /Users/dubbs/nvm/v0.8.12/lib/node_modules/npm/node_modules/npmlog/package.json
67 verbose read json /Users/dubbs/nvm/v0.8.12/lib/node_modules/npm/node_modules/once/package.json
68 verbose read json /Users/dubbs/nvm/v0.8.12/lib/node_modules/npm/node_modules/opener/package.json
69 verbose read json /Users/dubbs/nvm/v0.8.12/lib/node_modules/npm/node_modules/osenv/package.json
70 verbose read json /Users/dubbs/nvm/v0.8.12/lib/node_modules/npm/node_modules/read/package.json
71 verbose read json /Users/dubbs/nvm/v0.8.12/lib/node_modules/npm/node_modules/read-installed/package.json
72 verbose read json /Users/dubbs/nvm/v0.8.12/lib/node_modules/npm/node_modules/read-package-json/package.json
73 verbose read json /Users/dubbs/nvm/v0.8.12/lib/node_modules/npm/node_modules/request/package.json
74 verbose read json /Users/dubbs/nvm/v0.8.12/lib/node_modules/npm/node_modules/retry/package.json
75 verbose read json /Users/dubbs/nvm/v0.8.12/lib/node_modules/npm/node_modules/rimraf/package.json
76 verbose read json /Users/dubbs/nvm/v0.8.12/lib/node_modules/npm/node_modules/semver/package.json
77 verbose read json /Users/dubbs/nvm/v0.8.12/lib/node_modules/npm/node_modules/slide/package.json
78 verbose read json /Users/dubbs/nvm/v0.8.12/lib/node_modules/npm/node_modules/tar/package.json
79 verbose read json /Users/dubbs/nvm/v0.8.12/lib/node_modules/npm/node_modules/uid-number/package.json
80 verbose read json /Users/dubbs/nvm/v0.8.12/lib/node_modules/npm/node_modules/which/package.json
81 verbose read json /Users/dubbs/nvm/v0.8.12/lib/node_modules/bower/node_modules/.bin/package.json
82 verbose read json /Users/dubbs/nvm/v0.8.12/lib/node_modules/bower/node_modules/archy/package.json
83 verbose read json /Users/dubbs/nvm/v0.8.12/lib/node_modules/bower/node_modules/async/package.json
84 verbose read json /Users/dubbs/nvm/v0.8.12/lib/node_modules/bower/node_modules/colors/package.json
85 verbose read json /Users/dubbs/nvm/v0.8.12/lib/node_modules/bower/node_modules/fstream/package.json
86 verbose read json /Users/dubbs/nvm/v0.8.12/lib/node_modules/bower/node_modules/glob/package.json
87 verbose read json /Users/dubbs/nvm/v0.8.12/lib/node_modules/bower/node_modules/hogan.js/package.json
88 verbose read json /Users/dubbs/nvm/v0.8.12/lib/node_modules/bower/node_modules/lodash/package.json
89 verbose read json /Users/dubbs/nvm/v0.8.12/lib/node_modules/bower/node_modules/mkdirp/package.json
90 verbose read json /Users/dubbs/nvm/v0.8.12/lib/node_modules/bower/node_modules/nopt/package.json
91 verbose read json /Users/dubbs/nvm/v0.8.12/lib/node_modules/bower/node_modules/read-package-json/package.json
92 verbose read json /Users/dubbs/nvm/v0.8.12/lib/node_modules/bower/node_modules/request/package.json
93 verbose read json /Users/dubbs/nvm/v0.8.12/lib/node_modules/bower/node_modules/rimraf/package.json
94 verbose read json /Users/dubbs/nvm/v0.8.12/lib/node_modules/bower/node_modules/semver/package.json
95 verbose read json /Users/dubbs/nvm/v0.8.12/lib/node_modules/bower/node_modules/tmp/package.json
96 verbose read json /Users/dubbs/nvm/v0.8.12/lib/node_modules/bower/node_modules/vows/package.json
97 verbose read json /Users/dubbs/nvm/v0.8.12/lib/node_modules/zombie/node_modules/.bin/package.json
98 verbose read json /Users/dubbs/nvm/v0.8.12/lib/node_modules/zombie/node_modules/contextify/package.json
99 verbose read json /Users/dubbs/nvm/v0.8.12/lib/node_modules/zombie/node_modules/eventsource/package.json
100 verbose read json /Users/dubbs/nvm/v0.8.12/lib/node_modules/zombie/node_modules/html5/package.json
101 verbose read json /Users/dubbs/nvm/v0.8.12/lib/node_modules/zombie/node_modules/jsdom/package.json
102 verbose read json /Users/dubbs/nvm/v0.8.12/lib/node_modules/zombie/node_modules/mime/package.json
103 verbose read json /Users/dubbs/nvm/v0.8.12/lib/node_modules/zombie/node_modules/ms/package.json
104 verbose read json /Users/dubbs/nvm/v0.8.12/lib/node_modules/zombie/node_modules/q/package.json
105 verbose read json /Users/dubbs/nvm/v0.8.12/lib/node_modules/zombie/node_modules/request/package.json
106 verbose read json /Users/dubbs/nvm/v0.8.12/lib/node_modules/zombie/node_modules/tough-cookie/package.json
107 verbose read json /Users/dubbs/nvm/v0.8.12/lib/node_modules/zombie/node_modules/ws/package.json
108 silly lockFile fd94f358-yeoman yeoman@*
109 verbose lock yeoman@* /Users/dubbs/.npm/fd94f358-yeoman.lock
110 silly addNameRange { name: 'yeoman', range: '', hasData: false }
111 verbose from cache /Users/dubbs/nvm/v0.8.12/lib/node_modules/browserify/node_modules/detective/package.json
112 verbose from cache /Users/dubbs/nvm/v0.8.12/lib/node_modules/browserify/node_modules/buffer-browserify/package.json
113 verbose from cache /Users/dubbs/nvm/v0.8.12/lib/node_modules/browserify/node_modules/deputy/package.json
114 verbose from cache /Users/dubbs/nvm/v0.8.12/lib/node_modules/browserify/node_modules/syntax-error/package.json
115 verbose from cache /Users/dubbs/nvm/v0.8.12/lib/node_modules/browserify/node_modules/resolve/package.json
116 verbose from cache /Users/dubbs/nvm/v0.8.12/lib/node_modules/browserify/node_modules/nub/package.json
117 verbose from cache /Users/dubbs/nvm/v0.8.12/lib/node_modules/browserify/node_modules/commondir/package.json
118 verbose from cache /Users/dubbs/nvm/v0.8.12/lib/node_modules/browserify/node_modules/coffee-script/package.json
119 verbose from cache /Users/dubbs/nvm/v0.8.12/lib/node_modules/browserify/node_modules/optimist/package.json
120 verbose from cache /Users/dubbs/nvm/v0.8.12/lib/node_modules/browserify/node_modules/http-browserify/package.json
121 verbose from cache /Users/dubbs/nvm/v0.8.12/lib/node_modules/browserify/node_modules/vm-browserify/package.json
122 verbose from cache /Users/dubbs/nvm/v0.8.12/lib/node_modules/browserify/node_modules/crypto-browserify/package.json
123 verbose from cache /Users/dubbs/nvm/v0.8.12/lib/node_modules/ender/node_modules/npm/package.json
124 verbose from cache /Users/dubbs/nvm/v0.8.12/lib/node_modules/ender/node_modules/colors/package.json
125 verbose from cache /Users/dubbs/nvm/v0.8.12/lib/node_modules/ender/node_modules/uglify-js/package.json
126 verbose from cache /Users/dubbs/nvm/v0.8.12/lib/node_modules/ender/node_modules/async/package.json
127 verbose from cache /Users/dubbs/nvm/v0.8.12/lib/node_modules/bower/node_modules/tmp/package.json
128 verbose from cache /Users/dubbs/nvm/v0.8.12/lib/node_modules/bower/node_modules/vows/package.json
129 verbose from cache /Users/dubbs/nvm/v0.8.12/lib/node_modules/bower/node_modules/glob/package.json
130 verbose from cache /Users/dubbs/nvm/v0.8.12/lib/node_modules/bower/node_modules/nopt/package.json
131 verbose from cache /Users/dubbs/nvm/v0.8.12/lib/node_modules/bower/node_modules/archy/package.json
132 verbose from cache /Users/dubbs/nvm/v0.8.12/lib/node_modules/bower/node_modules/async/package.json
133 verbose from cache /Users/dubbs/nvm/v0.8.12/lib/node_modules/bower/node_modules/colors/package.json
134 verbose from cache /Users/dubbs/nvm/v0.8.12/lib/node_modules/bower/node_modules/rimraf/package.json
135 verbose from cache /Users/dubbs/nvm/v0.8.12/lib/node_modules/bower/node_modules/mkdirp/package.json
136 verbose from cache /Users/dubbs/nvm/v0.8.12/lib/node_modules/bower/node_modules/semver/package.json
137 verbose from cache /Users/dubbs/nvm/v0.8.12/lib/node_modules/bower/node_modules/request/package.json
138 verbose from cache /Users/dubbs/nvm/v0.8.12/lib/node_modules/bower/node_modules/fstream/package.json
139 verbose from cache /Users/dubbs/nvm/v0.8.12/lib/node_modules/bower/node_modules/hogan.js/package.json
140 verbose from cache /Users/dubbs/nvm/v0.8.12/lib/node_modules/bower/node_modules/lodash/package.json
141 verbose from cache /Users/dubbs/nvm/v0.8.12/lib/node_modules/bower/node_modules/read-package-json/package.json
142 verbose read json /Users/dubbs/nvm/v0.8.12/lib/node_modules/browserify/node_modules/deputy/node_modules/mkdirp/package.json
143 verbose read json /Users/dubbs/nvm/v0.8.12/lib/node_modules/browserify/node_modules/detective/node_modules/.bin/package.json
144 verbose read json /Users/dubbs/nvm/v0.8.12/lib/node_modules/browserify/node_modules/detective/node_modules/esprima/package.json
145 verbose read json /Users/dubbs/nvm/v0.8.12/lib/node_modules/browserify/node_modules/syntax-error/node_modules/.bin/package.json
146 verbose read json /Users/dubbs/nvm/v0.8.12/lib/node_modules/browserify/node_modules/syntax-error/node_modules/esprima/package.json
147 verbose read json /Users/dubbs/nvm/v0.8.12/lib/node_modules/browserify/node_modules/buffer-browserify/node_modules/base64-js/package.json
148 verbose read json /Users/dubbs/nvm/v0.8.12/lib/node_modules/browserify/node_modules/http-browserify/node_modules/concat-stream/package.json
149 verbose read json /Users/dubbs/nvm/v0.8.12/lib/node_modules/browserify/node_modules/optimist/node_modules/wordwrap/package.json
150 verbose read json /Users/dubbs/nvm/v0.8.12/lib/node_modules/ender/node_modules/npm/node_modules/.bin/package.json
151 verbose read json /Users/dubbs/nvm/v0.8.12/lib/node_modules/ender/node_modules/npm/node_modules/abbrev/package.json
152 verbose read json /Users/dubbs/nvm/v0.8.12/lib/node_modules/ender/node_modules/npm/node_modules/ansi/package.json
153 verbose read json /Users/dubbs/nvm/v0.8.12/lib/node_modules/ender/node_modules/npm/node_modules/archy/package.json
154 verbose read json /Users/dubbs/nvm/v0.8.12/lib/node_modules/ender/node_modules/npm/node_modules/block-stream/package.json
155 verbose read json /Users/dubbs/nvm/v0.8.12/lib/node_modules/ender/node_modules/npm/node_modules/chownr/package.json
156 verbose read json /Users/dubbs/nvm/v0.8.12/lib/node_modules/ender/node_modules/npm/node_modules/fstream/package.json
157 verbose read json /Users/dubbs/nvm/v0.8.12/lib/node_modules/ender/node_modules/npm/node_modules/fstream-npm/package.json
158 verbose read json /Users/dubbs/nvm/v0.8.12/lib/node_modules/ender/node_modules/npm/node_modules/glob/package.json
159 verbose read json /Users/dubbs/nvm/v0.8.12/lib/node_modules/ender/node_modules/npm/node_modules/graceful-fs/package.json
160 verbose read json /Users/dubbs/nvm/v0.8.12/lib/node_modules/ender/node_modules/npm/node_modules/inherits/package.json
161 verbose read json /Users/dubbs/nvm/v0.8.12/lib/node_modules/ender/node_modules/npm/node_modules/ini/package.json
162 verbose read json /Users/dubbs/nvm/v0.8.12/lib/node_modules/ender/node_modules/npm/node_modules/lru-cache/package.json
163 verbose read json /Users/dubbs/nvm/v0.8.12/lib/node_modules/ender/node_modules/npm/node_modules/minimatch/package.json
164 verbose read json /Users/dubbs/nvm/v0.8.12/lib/node_modules/ender/node_modules/npm/node_modules/mkdirp/package.json
165 verbose read json /Users/dubbs/nvm/v0.8.12/lib/node_modules/ender/node_modules/npm/node_modules/node-gyp/package.json
166 verbose read json /Users/dubbs/nvm/v0.8.12/lib/node_modules/ender/node_modules/npm/node_modules/node-uuid/package.json
167 verbose read json /Users/dubbs/nvm/v0.8.12/lib/node_modules/ender/node_modules/npm/node_modules/nopt/package.json
168 verbose read json /Users/dubbs/nvm/v0.8.12/lib/node_modules/ender/node_modules/npm/node_modules/npm-registry-client/package.json
169 verbose read json /Users/dubbs/nvm/v0.8.12/lib/node_modules/ender/node_modules/npm/node_modules/npmlog/package.json
170 verbose read json /Users/dubbs/nvm/v0.8.12/lib/node_modules/ender/node_modules/npm/node_modules/proto-list/package.json
171 verbose read json /Users/dubbs/nvm/v0.8.12/lib/node_modules/ender/node_modules/npm/node_modules/read/package.json
172 verbose read json /Users/dubbs/nvm/v0.8.12/lib/node_modules/ender/node_modules/npm/node_modules/read-installed/package.json
173 verbose read json /Users/dubbs/nvm/v0.8.12/lib/node_modules/ender/node_modules/npm/node_modules/read-package-json/package.json
174 verbose read json /Users/dubbs/nvm/v0.8.12/lib/node_modules/ender/node_modules/npm/node_modules/request/package.json
175 verbose read json /Users/dubbs/nvm/v0.8.12/lib/node_modules/ender/node_modules/npm/node_modules/rimraf/package.json
176 verbose read json /Users/dubbs/nvm/v0.8.12/lib/node_modules/ender/node_modules/npm/node_modules/semver/package.json
177 verbose read json /Users/dubbs/nvm/v0.8.12/lib/node_modules/ender/node_modules/npm/node_modules/slide/package.json
178 verbose read json /Users/dubbs/nvm/v0.8.12/lib/node_modules/ender/node_modules/npm/node_modules/tar/package.json
179 verbose read json /Users/dubbs/nvm/v0.8.12/lib/node_modules/ender/node_modules/npm/node_modules/uid-number/package.json
180 verbose read json /Users/dubbs/nvm/v0.8.12/lib/node_modules/ender/node_modules/npm/node_modules/which/package.json
181 verbose read json /Users/dubbs/nvm/v0.8.12/lib/node_modules/bower/node_modules/vows/node_modules/diff/package.json
182 verbose read json /Users/dubbs/nvm/v0.8.12/lib/node_modules/bower/node_modules/vows/node_modules/eyes/package.json
183 verbose read json /Users/dubbs/nvm/v0.8.12/lib/node_modules/bower/node_modules/glob/node_modules/graceful-fs/package.json
184 verbose read json /Users/dubbs/nvm/v0.8.12/lib/node_modules/bower/node_modules/glob/node_modules/inherits/package.json
185 verbose read json /Users/dubbs/nvm/v0.8.12/lib/node_modules/bower/node_modules/glob/node_modules/minimatch/package.json
186 verbose read json /Users/dubbs/nvm/v0.8.12/lib/node_modules/bower/node_modules/rimraf/node_modules/graceful-fs/package.json
187 verbose read json /Users/dubbs/nvm/v0.8.12/lib/node_modules/bower/node_modules/request/node_modules/form-data/package.json
188 verbose read json /Users/dubbs/nvm/v0.8.12/lib/node_modules/bower/node_modules/request/node_modules/mime/package.json
189 verbose read json /Users/dubbs/nvm/v0.8.12/lib/node_modules/bower/node_modules/nopt/node_modules/abbrev/package.json
190 verbose read json /Users/dubbs/nvm/v0.8.12/lib/node_modules/bower/node_modules/fstream/node_modules/graceful-fs/package.json
191 verbose read json /Users/dubbs/nvm/v0.8.12/lib/node_modules/bower/node_modules/fstream/node_modules/inherits/package.json
192 verbose read json /Users/dubbs/nvm/v0.8.12/lib/node_modules/bower/node_modules/read-package-json/node_modules/graceful-fs/package.json
193 verbose read json /Users/dubbs/nvm/v0.8.12/lib/node_modules/bower/node_modules/read-package-json/node_modules/lru-cache/package.json
194 verbose read json /Users/dubbs/nvm/v0.8.12/lib/node_modules/bower/node_modules/read-package-json/node_modules/npmlog/package.json
195 verbose read json /Users/dubbs/nvm/v0.8.12/lib/node_modules/bower/node_modules/read-package-json/node_modules/slide/package.json
196 verbose from cache /Users/dubbs/nvm/v0.8.12/lib/node_modules/zombie/node_modules/contextify/package.json
197 verbose from cache /Users/dubbs/nvm/v0.8.12/lib/node_modules/zombie/node_modules/eventsource/package.json
198 verbose from cache /Users/dubbs/nvm/v0.8.12/lib/node_modules/zombie/node_modules/html5/package.json
199 verbose from cache /Users/dubbs/nvm/v0.8.12/lib/node_modules/zombie/node_modules/jsdom/package.json
200 verbose from cache /Users/dubbs/nvm/v0.8.12/lib/node_modules/zombie/node_modules/mime/package.json
201 verbose from cache /Users/dubbs/nvm/v0.8.12/lib/node_modules/zombie/node_modules/ms/package.json
202 verbose from cache /Users/dubbs/nvm/v0.8.12/lib/node_modules/zombie/node_modules/q/package.json
203 verbose from cache /Users/dubbs/nvm/v0.8.12/lib/node_modules/zombie/node_modules/request/package.json
204 verbose from cache /Users/dubbs/nvm/v0.8.12/lib/node_modules/zombie/node_modules/tough-cookie/package.json
205 verbose from cache /Users/dubbs/nvm/v0.8.12/lib/node_modules/zombie/node_modules/ws/package.json
206 verbose read json /Users/dubbs/nvm/v0.8.12/lib/node_modules/zombie/node_modules/contextify/node_modules/bindings/package.json
207 verbose read json /Users/dubbs/nvm/v0.8.12/lib/node_modules/zombie/node_modules/jsdom/node_modules/cssom/package.json
208 verbose read json /Users/dubbs/nvm/v0.8.12/lib/node_modules/zombie/node_modules/jsdom/node_modules/cssstyle/package.json
209 verbose read json /Users/dubbs/nvm/v0.8.12/lib/node_modules/zombie/node_modules/jsdom/node_modules/htmlparser/package.json
210 verbose read json /Users/dubbs/nvm/v0.8.12/lib/node_modules/zombie/node_modules/html5/node_modules/.bin/package.json
211 verbose read json /Users/dubbs/nvm/v0.8.12/lib/node_modules/zombie/node_modules/html5/node_modules/async/package.json
212 verbose read json /Users/dubbs/nvm/v0.8.12/lib/node_modules/zombie/node_modules/html5/node_modules/bench/package.json
213 verbose read json /Users/dubbs/nvm/v0.8.12/lib/node_modules/zombie/node_modules/html5/node_modules/opts/package.json
214 verbose read json /Users/dubbs/nvm/v0.8.12/lib/node_modules/zombie/node_modules/html5/node_modules/tap/package.json
215 verbose url raw yeoman
216 verbose url resolving [ 'https://registry.npmjs.org/', './yeoman' ]
217 verbose url resolved https://registry.npmjs.org/yeoman
218 info trying registry request attempt 1 at 20:12:38
219 verbose etag "8V7OUDE2FSE4ONRITODUS3NPH"
220 http GET https://registry.npmjs.org/yeoman
221 verbose read json /Users/dubbs/nvm/v0.8.12/lib/node_modules/zombie/node_modules/ws/node_modules/commander/package.json
222 verbose read json /Users/dubbs/nvm/v0.8.12/lib/node_modules/zombie/node_modules/ws/node_modules/options/package.json
223 verbose read json /Users/dubbs/nvm/v0.8.12/lib/node_modules/zombie/node_modules/ws/node_modules/tinycolor/package.json
224 verbose read json /Users/dubbs/nvm/v0.8.12/lib/node_modules/zombie/node_modules/request/node_modules/form-data/package.json
225 verbose read json /Users/dubbs/nvm/v0.8.12/lib/node_modules/zombie/node_modules/request/node_modules/mime/package.json
226 verbose read json /Users/dubbs/nvm/v0.8.12/lib/node_modules/zombie/node_modules/tough-cookie/node_modules/punycode/package.json
227 verbose from cache /Users/dubbs/nvm/v0.8.12/lib/node_modules/npm/node_modules/semver/package.json
228 verbose from cache /Users/dubbs/nvm/v0.8.12/lib/node_modules/npm/node_modules/ini/package.json
229 verbose from cache /Users/dubbs/nvm/v0.8.12/lib/node_modules/npm/node_modules/slide/package.json
230 verbose from cache /Users/dubbs/nvm/v0.8.12/lib/node_modules/npm/node_modules/abbrev/package.json
231 verbose from cache /Users/dubbs/nvm/v0.8.12/lib/node_modules/npm/node_modules/graceful-fs/package.json
232 verbose from cache /Users/dubbs/nvm/v0.8.12/lib/node_modules/npm/node_modules/minimatch/package.json
233 verbose from cache /Users/dubbs/nvm/v0.8.12/lib/node_modules/npm/node_modules/nopt/package.json
234 verbose from cache /Users/dubbs/nvm/v0.8.12/lib/node_modules/npm/node_modules/rimraf/package.json
235 verbose from cache /Users/dubbs/nvm/v0.8.12/lib/node_modules/npm/node_modules/request/package.json
236 verbose from cache /Users/dubbs/nvm/v0.8.12/lib/node_modules/npm/node_modules/which/package.json
237 verbose from cache /Users/dubbs/nvm/v0.8.12/lib/node_modules/npm/node_modules/tar/package.json
238 verbose from cache /Users/dubbs/nvm/v0.8.12/lib/node_modules/npm/node_modules/fstream/package.json
239 verbose from cache /Users/dubbs/nvm/v0.8.12/lib/node_modules/npm/node_modules/block-stream/package.json
240 verbose from cache /Users/dubbs/nvm/v0.8.12/lib/node_modules/npm/node_modules/inherits/package.json
241 verbose from cache /Users/dubbs/nvm/v0.8.12/lib/node_modules/npm/node_modules/mkdirp/package.json
242 verbose from cache /Users/dubbs/nvm/v0.8.12/lib/node_modules/npm/node_modules/read/package.json
243 verbose from cache /Users/dubbs/nvm/v0.8.12/lib/node_modules/npm/node_modules/lru-cache/package.json
244 verbose from cache /Users/dubbs/nvm/v0.8.12/lib/node_modules/npm/node_modules/node-gyp/package.json
245 verbose from cache /Users/dubbs/nvm/v0.8.12/lib/node_modules/npm/node_modules/fstream-npm/package.json
246 verbose from cache /Users/dubbs/nvm/v0.8.12/lib/node_modules/npm/node_modules/uid-number/package.json
247 verbose from cache /Users/dubbs/nvm/v0.8.12/lib/node_modules/npm/node_modules/archy/package.json
248 verbose from cache /Users/dubbs/nvm/v0.8.12/lib/node_modules/npm/node_modules/chownr/package.json
249 verbose from cache /Users/dubbs/nvm/v0.8.12/lib/node_modules/npm/node_modules/npmlog/package.json
250 verbose from cache /Users/dubbs/nvm/v0.8.12/lib/node_modules/npm/node_modules/ansi/package.json
251 verbose from cache /Users/dubbs/nvm/v0.8.12/lib/node_modules/npm/node_modules/npm-registry-client/package.json
252 verbose from cache /Users/dubbs/nvm/v0.8.12/lib/node_modules/npm/node_modules/read-package-json/package.json
253 verbose from cache /Users/dubbs/nvm/v0.8.12/lib/node_modules/npm/node_modules/read-installed/package.json
254 verbose from cache /Users/dubbs/nvm/v0.8.12/lib/node_modules/npm/node_modules/glob/package.json
255 verbose from cache /Users/dubbs/nvm/v0.8.12/lib/node_modules/npm/node_modules/init-package-json/package.json
256 verbose from cache /Users/dubbs/nvm/v0.8.12/lib/node_modules/npm/node_modules/osenv/package.json
257 verbose from cache /Users/dubbs/nvm/v0.8.12/lib/node_modules/npm/node_modules/lockfile/package.json
258 verbose from cache /Users/dubbs/nvm/v0.8.12/lib/node_modules/npm/node_modules/retry/package.json
259 verbose from cache /Users/dubbs/nvm/v0.8.12/lib/node_modules/npm/node_modules/once/package.json
260 verbose from cache /Users/dubbs/nvm/v0.8.12/lib/node_modules/npm/node_modules/npmconf/package.json
261 verbose from cache /Users/dubbs/nvm/v0.8.12/lib/node_modules/npm/node_modules/opener/package.json
262 verbose from cache /Users/dubbs/nvm/v0.8.12/lib/node_modules/browserify/node_modules/detective/node_modules/esprima/package.json
263 verbose from cache /Users/dubbs/nvm/v0.8.12/lib/node_modules/browserify/node_modules/syntax-error/node_modules/esprima/package.json
264 verbose from cache /Users/dubbs/nvm/v0.8.12/lib/node_modules/browserify/node_modules/buffer-browserify/node_modules/base64-js/package.json
265 verbose from cache /Users/dubbs/nvm/v0.8.12/lib/node_modules/browserify/node_modules/deputy/node_modules/mkdirp/package.json
266 verbose read json /Users/dubbs/nvm/v0.8.12/lib/node_modules/browserify/node_modules/deputy/node_modules/detective/package.json
267 verbose from cache /Users/dubbs/nvm/v0.8.12/lib/node_modules/browserify/node_modules/optimist/node_modules/wordwrap/package.json
268 verbose from cache /Users/dubbs/nvm/v0.8.12/lib/node_modules/browserify/node_modules/http-browserify/node_modules/concat-stream/package.json
269 verbose read json /Users/dubbs/nvm/v0.8.12/lib/node_modules/npm/node_modules/read/node_modules/mute-stream/package.json
270 verbose read json /Users/dubbs/nvm/v0.8.12/lib/node_modules/npm/node_modules/fstream-npm/node_modules/fstream-ignore/package.json
271 verbose read json /Users/dubbs/nvm/v0.8.12/lib/node_modules/npm/node_modules/npm-registry-client/node_modules/couch-login/package.json
272 verbose read json /Users/dubbs/nvm/v0.8.12/lib/node_modules/npm/node_modules/init-package-json/node_modules/promzard/package.json
273 verbose read json /Users/dubbs/nvm/v0.8.12/lib/node_modules/npm/node_modules/npmconf/node_modules/config-chain/package.json
274 verbose from cache /Users/dubbs/nvm/v0.8.12/lib/node_modules/bower/node_modules/vows/node_modules/eyes/package.json
275 verbose from cache /Users/dubbs/nvm/v0.8.12/lib/node_modules/bower/node_modules/vows/node_modules/diff/package.json
276 verbose from cache /Users/dubbs/nvm/v0.8.12/lib/node_modules/bower/node_modules/rimraf/node_modules/graceful-fs/package.json
277 verbose from cache /Users/dubbs/nvm/v0.8.12/lib/node_modules/bower/node_modules/glob/node_modules/minimatch/package.json
278 verbose from cache /Users/dubbs/nvm/v0.8.12/lib/node_modules/bower/node_modules/glob/node_modules/graceful-fs/package.json
279 verbose from cache /Users/dubbs/nvm/v0.8.12/lib/node_modules/bower/node_modules/glob/node_modules/inherits/package.json
280 verbose from cache /Users/dubbs/nvm/v0.8.12/lib/node_modules/bower/node_modules/nopt/node_modules/abbrev/package.json
281 verbose read json /Users/dubbs/nvm/v0.8.12/lib/node_modules/bower/node_modules/fstream/node_modules/rimraf/package.json
282 verbose read json /Users/dubbs/nvm/v0.8.12/lib/node_modules/bower/node_modules/fstream/node_modules/mkdirp/package.json
283 verbose from cache /Users/dubbs/nvm/v0.8.12/lib/node_modules/bower/node_modules/fstream/node_modules/graceful-fs/package.json
284 verbose from cache /Users/dubbs/nvm/v0.8.12/lib/node_modules/bower/node_modules/fstream/node_modules/inherits/package.json
285 verbose read json /Users/dubbs/nvm/v0.8.12/lib/node_modules/bower/node_modules/read-package-json/node_modules/glob/package.json
286 verbose from cache /Users/dubbs/nvm/v0.8.12/lib/node_modules/bower/node_modules/read-package-json/node_modules/lru-cache/package.json
287 verbose read json /Users/dubbs/nvm/v0.8.12/lib/node_modules/bower/node_modules/read-package-json/node_modules/semver/package.json
288 verbose from cache /Users/dubbs/nvm/v0.8.12/lib/node_modules/bower/node_modules/read-package-json/node_modules/slide/package.json
289 verbose from cache /Users/dubbs/nvm/v0.8.12/lib/node_modules/bower/node_modules/read-package-json/node_modules/npmlog/package.json
290 verbose from cache /Users/dubbs/nvm/v0.8.12/lib/node_modules/bower/node_modules/read-package-json/node_modules/graceful-fs/package.json
291 verbose read json /Users/dubbs/nvm/v0.8.12/lib/node_modules/bower/node_modules/glob/node_modules/minimatch/node_modules/lru-cache/package.json
292 verbose from cache /Users/dubbs/nvm/v0.8.12/lib/node_modules/zombie/node_modules/contextify/node_modules/bindings/package.json
293 verbose from cache /Users/dubbs/nvm/v0.8.12/lib/node_modules/zombie/node_modules/jsdom/node_modules/htmlparser/package.json
294 verbose read json /Users/dubbs/nvm/v0.8.12/lib/node_modules/zombie/node_modules/jsdom/node_modules/request/package.json
295 verbose from cache /Users/dubbs/nvm/v0.8.12/lib/node_modules/zombie/node_modules/jsdom/node_modules/cssom/package.json
296 verbose from cache /Users/dubbs/nvm/v0.8.12/lib/node_modules/zombie/node_modules/jsdom/node_modules/cssstyle/package.json
297 verbose read json /Users/dubbs/nvm/v0.8.12/lib/node_modules/zombie/node_modules/jsdom/node_modules/contextify/package.json
298 verbose read json /Users/dubbs/nvm/v0.8.12/lib/node_modules/zombie/node_modules/html5/node_modules/jsdom/package.json
299 verbose from cache /Users/dubbs/nvm/v0.8.12/lib/node_modules/zombie/node_modules/html5/node_modules/opts/package.json
300 verbose from cache /Users/dubbs/nvm/v0.8.12/lib/node_modules/zombie/node_modules/html5/node_modules/tap/package.json
301 verbose from cache /Users/dubbs/nvm/v0.8.12/lib/node_modules/zombie/node_modules/html5/node_modules/bench/package.json
302 verbose from cache /Users/dubbs/nvm/v0.8.12/lib/node_modules/zombie/node_modules/html5/node_modules/async/package.json
303 verbose from cache /Users/dubbs/nvm/v0.8.12/lib/node_modules/zombie/node_modules/ws/node_modules/commander/package.json
304 verbose from cache /Users/dubbs/nvm/v0.8.12/lib/node_modules/zombie/node_modules/ws/node_modules/tinycolor/package.json
305 verbose from cache /Users/dubbs/nvm/v0.8.12/lib/node_modules/zombie/node_modules/ws/node_modules/options/package.json
306 verbose from cache /Users/dubbs/nvm/v0.8.12/lib/node_modules/zombie/node_modules/tough-cookie/node_modules/punycode/package.json
307 verbose read json /Users/dubbs/nvm/v0.8.12/lib/node_modules/bower/node_modules/read-package-json/node_modules/npmlog/node_modules/.bin/package.json
308 verbose read json /Users/dubbs/nvm/v0.8.12/lib/node_modules/bower/node_modules/read-package-json/node_modules/npmlog/node_modules/ansi/package.json
309 verbose read json /Users/dubbs/nvm/v0.8.12/lib/node_modules/zombie/node_modules/html5/node_modules/tap/node_modules/inherits/package.json
310 verbose read json /Users/dubbs/nvm/v0.8.12/lib/node_modules/zombie/node_modules/html5/node_modules/tap/node_modules/runforcover/package.json
311 verbose read json /Users/dubbs/nvm/v0.8.12/lib/node_modules/zombie/node_modules/html5/node_modules/tap/node_modules/slide/package.json
312 verbose read json /Users/dubbs/nvm/v0.8.12/lib/node_modules/zombie/node_modules/html5/node_modules/tap/node_modules/yamlish/package.json
313 verbose read json /Users/dubbs/nvm/v0.8.12/lib/node_modules/npm/node_modules/minimatch/node_modules/lru-cache/package.json
314 verbose read json /Users/dubbs/nvm/v0.8.12/lib/node_modules/npm/node_modules/nopt/node_modules/abbrev/package.json
315 verbose read json /Users/dubbs/nvm/v0.8.12/lib/node_modules/npm/node_modules/rimraf/node_modules/graceful-fs/package.json
316 verbose read json /Users/dubbs/nvm/v0.8.12/lib/node_modules/npm/node_modules/tar/node_modules/inherits/package.json
317 verbose read json /Users/dubbs/nvm/v0.8.12/lib/node_modules/npm/node_modules/tar/node_modules/block-stream/package.json
318 verbose read json /Users/dubbs/nvm/v0.8.12/lib/node_modules/npm/node_modules/tar/node_modules/fstream/package.json
319 verbose read json /Users/dubbs/nvm/v0.8.12/lib/node_modules/npm/node_modules/fstream/node_modules/rimraf/package.json
320 verbose read json /Users/dubbs/nvm/v0.8.12/lib/node_modules/npm/node_modules/fstream/node_modules/mkdirp/package.json
321 verbose read json /Users/dubbs/nvm/v0.8.12/lib/node_modules/npm/node_modules/fstream/node_modules/graceful-fs/package.json
322 verbose read json /Users/dubbs/nvm/v0.8.12/lib/node_modules/npm/node_modules/fstream/node_modules/inherits/package.json
323 verbose read json /Users/dubbs/nvm/v0.8.12/lib/node_modules/npm/node_modules/block-stream/node_modules/inherits/package.json
324 verbose read json /Users/dubbs/nvm/v0.8.12/lib/node_modules/npm/node_modules/node-gyp/node_modules/glob/package.json
325 verbose read json /Users/dubbs/nvm/v0.8.12/lib/node_modules/npm/node_modules/node-gyp/node_modules/graceful-fs/package.json
326 verbose read json /Users/dubbs/nvm/v0.8.12/lib/node_modules/npm/node_modules/node-gyp/node_modules/fstream/package.json
327 verbose read json /Users/dubbs/nvm/v0.8.12/lib/node_modules/npm/node_modules/node-gyp/node_modules/minimatch/package.json
328 verbose read json /Users/dubbs/nvm/v0.8.12/lib/node_modules/npm/node_modules/node-gyp/node_modules/mkdirp/package.json
329 verbose read json /Users/dubbs/nvm/v0.8.12/lib/node_modules/npm/node_modules/node-gyp/node_modules/nopt/package.json
330 verbose read json /Users/dubbs/nvm/v0.8.12/lib/node_modules/npm/node_modules/node-gyp/node_modules/npmlog/package.json
331 verbose read json /Users/dubbs/nvm/v0.8.12/lib/node_modules/npm/node_modules/node-gyp/node_modules/osenv/package.json
332 verbose read json /Users/dubbs/nvm/v0.8.12/lib/node_modules/npm/node_modules/node-gyp/node_modules/request/package.json
333 verbose read json /Users/dubbs/nvm/v0.8.12/lib/node_modules/npm/node_modules/node-gyp/node_modules/rimraf/package.json
334 verbose read json /Users/dubbs/nvm/v0.8.12/lib/node_modules/npm/node_modules/node-gyp/node_modules/semver/package.json
335 verbose read json /Users/dubbs/nvm/v0.8.12/lib/node_modules/npm/node_modules/node-gyp/node_modules/tar/package.json
336 verbose read json /Users/dubbs/nvm/v0.8.12/lib/node_modules/npm/node_modules/node-gyp/node_modules/which/package.json
337 verbose read json /Users/dubbs/nvm/v0.8.12/lib/node_modules/npm/node_modules/npmlog/node_modules/ansi/package.json
338 verbose read json /Users/dubbs/nvm/v0.8.12/lib/node_modules/npm/node_modules/read-package-json/node_modules/glob/package.json
339 verbose read json /Users/dubbs/nvm/v0.8.12/lib/node_modules/npm/node_modules/read-package-json/node_modules/lru-cache/package.json
340 verbose read json /Users/dubbs/nvm/v0.8.12/lib/node_modules/npm/node_modules/read-package-json/node_modules/semver/package.json
341 verbose read json /Users/dubbs/nvm/v0.8.12/lib/node_modules/npm/node_modules/read-package-json/node_modules/slide/package.json
342 verbose read json /Users/dubbs/nvm/v0.8.12/lib/node_modules/npm/node_modules/read-package-json/node_modules/npmlog/package.json
343 verbose read json /Users/dubbs/nvm/v0.8.12/lib/node_modules/npm/node_modules/read-package-json/node_modules/graceful-fs/package.json
344 verbose read json /Users/dubbs/nvm/v0.8.12/lib/node_modules/npm/node_modules/read-installed/node_modules/semver/package.json
345 verbose read json /Users/dubbs/nvm/v0.8.12/lib/node_modules/npm/node_modules/read-installed/node_modules/slide/package.json
346 verbose read json /Users/dubbs/nvm/v0.8.12/lib/node_modules/npm/node_modules/read-installed/node_modules/read-package-json/package.json
347 verbose read json /Users/dubbs/nvm/v0.8.12/lib/node_modules/npm/node_modules/read-installed/node_modules/graceful-fs/package.json
348 verbose read json /Users/dubbs/nvm/v0.8.12/lib/node_modules/npm/node_modules/read-installed/node_modules/npmlog/package.json
349 verbose read json /Users/dubbs/nvm/v0.8.12/lib/node_modules/npm/node_modules/glob/node_modules/minimatch/package.json
350 verbose read json /Users/dubbs/nvm/v0.8.12/lib/node_modules/npm/node_modules/glob/node_modules/graceful-fs/package.json
351 verbose read json /Users/dubbs/nvm/v0.8.12/lib/node_modules/npm/node_modules/glob/node_modules/inherits/package.json
352 verbose read json /Users/dubbs/nvm/v0.8.12/lib/node_modules/zombie/node_modules/jsdom/node_modules/cssstyle/node_modules/cssom/package.json
353 verbose from cache /Users/dubbs/nvm/v0.8.12/lib/node_modules/npm/node_modules/fstream-npm/node_modules/fstream-ignore/package.json
354 verbose read json /Users/dubbs/nvm/v0.8.12/lib/node_modules/npm/node_modules/fstream-npm/node_modules/inherits/package.json
355 verbose read json /Users/dubbs/nvm/v0.8.12/lib/node_modules/npm/node_modules/npm-registry-client/node_modules/request/package.json
356 verbose read json /Users/dubbs/nvm/v0.8.12/lib/node_modules/npm/node_modules/npm-registry-client/node_modules/graceful-fs/package.json
357 verbose read json /Users/dubbs/nvm/v0.8.12/lib/node_modules/npm/node_modules/npm-registry-client/node_modules/semver/package.json
358 verbose read json /Users/dubbs/nvm/v0.8.12/lib/node_modules/npm/node_modules/npm-registry-client/node_modules/slide/package.json
359 verbose read json /Users/dubbs/nvm/v0.8.12/lib/node_modules/npm/node_modules/npm-registry-client/node_modules/chownr/package.json
360 verbose read json /Users/dubbs/nvm/v0.8.12/lib/node_modules/npm/node_modules/npm-registry-client/node_modules/mkdirp/package.json
361 verbose read json /Users/dubbs/nvm/v0.8.12/lib/node_modules/npm/node_modules/npm-registry-client/node_modules/rimraf/package.json
362 verbose read json /Users/dubbs/nvm/v0.8.12/lib/node_modules/npm/node_modules/npm-registry-client/node_modules/retry/package.json
363 verbose from cache /Users/dubbs/nvm/v0.8.12/lib/node_modules/npm/node_modules/npm-registry-client/node_modules/couch-login/package.json
364 verbose read json /Users/dubbs/nvm/v0.8.12/lib/node_modules/npm/node_modules/npm-registry-client/node_modules/npmlog/package.json
365 verbose from cache /Users/dubbs/nvm/v0.8.12/lib/node_modules/npm/node_modules/npmconf/node_modules/config-chain/package.json
366 verbose read json /Users/dubbs/nvm/v0.8.12/lib/node_modules/npm/node_modules/npmconf/node_modules/inherits/package.json
367 verbose read json /Users/dubbs/nvm/v0.8.12/lib/node_modules/npm/node_modules/npmconf/node_modules/once/package.json
368 verbose read json /Users/dubbs/nvm/v0.8.12/lib/node_modules/npm/node_modules/npmconf/node_modules/mkdirp/package.json
369 verbose read json /Users/dubbs/nvm/v0.8.12/lib/node_modules/npm/node_modules/npmconf/node_modules/osenv/package.json
370 verbose read json /Users/dubbs/nvm/v0.8.12/lib/node_modules/npm/node_modules/npmconf/node_modules/nopt/package.json
371 verbose from cache /Users/dubbs/nvm/v0.8.12/lib/node_modules/ender/node_modules/npm/node_modules/semver/package.json
372 verbose from cache /Users/dubbs/nvm/v0.8.12/lib/node_modules/ender/node_modules/npm/node_modules/ini/package.json
373 verbose from cache /Users/dubbs/nvm/v0.8.12/lib/node_modules/ender/node_modules/npm/node_modules/slide/package.json
374 verbose from cache /Users/dubbs/nvm/v0.8.12/lib/node_modules/ender/node_modules/npm/node_modules/abbrev/package.json
375 verbose from cache /Users/dubbs/nvm/v0.8.12/lib/node_modules/ender/node_modules/npm/node_modules/graceful-fs/package.json
376 verbose from cache /Users/dubbs/nvm/v0.8.12/lib/node_modules/ender/node_modules/npm/node_modules/minimatch/package.json
377 verbose from cache /Users/dubbs/nvm/v0.8.12/lib/node_modules/ender/node_modules/npm/node_modules/nopt/package.json
378 verbose from cache /Users/dubbs/nvm/v0.8.12/lib/node_modules/ender/node_modules/npm/node_modules/node-uuid/package.json
379 verbose from cache /Users/dubbs/nvm/v0.8.12/lib/node_modules/ender/node_modules/npm/node_modules/proto-list/package.json
380 verbose from cache /Users/dubbs/nvm/v0.8.12/lib/node_modules/ender/node_modules/npm/node_modules/rimraf/package.json
381 verbose from cache /Users/dubbs/nvm/v0.8.12/lib/node_modules/ender/node_modules/npm/node_modules/request/package.json
382 verbose from cache /Users/dubbs/nvm/v0.8.12/lib/node_modules/ender/node_modules/npm/node_modules/which/package.json
383 verbose from cache /Users/dubbs/nvm/v0.8.12/lib/node_modules/ender/node_modules/npm/node_modules/tar/package.json
384 verbose from cache /Users/dubbs/nvm/v0.8.12/lib/node_modules/ender/node_modules/npm/node_modules/fstream/package.json
385 verbose from cache /Users/dubbs/nvm/v0.8.12/lib/node_modules/ender/node_modules/npm/node_modules/block-stream/package.json
386 verbose from cache /Users/dubbs/nvm/v0.8.12/lib/node_modules/ender/node_modules/npm/node_modules/inherits/package.json
387 verbose from cache /Users/dubbs/nvm/v0.8.12/lib/node_modules/ender/node_modules/npm/node_modules/mkdirp/package.json
388 verbose from cache /Users/dubbs/nvm/v0.8.12/lib/node_modules/ender/node_modules/npm/node_modules/read/package.json
389 verbose from cache /Users/dubbs/nvm/v0.8.12/lib/node_modules/ender/node_modules/npm/node_modules/lru-cache/package.json
390 verbose from cache /Users/dubbs/nvm/v0.8.12/lib/node_modules/ender/node_modules/npm/node_modules/node-gyp/package.json
391 verbose from cache /Users/dubbs/nvm/v0.8.12/lib/node_modules/ender/node_modules/npm/node_modules/fstream-npm/package.json
392 verbose from cache /Users/dubbs/nvm/v0.8.12/lib/node_modules/ender/node_modules/npm/node_modules/uid-number/package.json
393 verbose from cache /Users/dubbs/nvm/v0.8.12/lib/node_modules/ender/node_modules/npm/node_modules/archy/package.json
394 verbose from cache /Users/dubbs/nvm/v0.8.12/lib/node_modules/ender/node_modules/npm/node_modules/chownr/package.json
395 verbose from cache /Users/dubbs/nvm/v0.8.12/lib/node_modules/ender/node_modules/npm/node_modules/npmlog/package.json
396 verbose from cache /Users/dubbs/nvm/v0.8.12/lib/node_modules/ender/node_modules/npm/node_modules/ansi/package.json
397 verbose from cache /Users/dubbs/nvm/v0.8.12/lib/node_modules/ender/node_modules/npm/node_modules/npm-registry-client/package.json
398 verbose from cache /Users/dubbs/nvm/v0.8.12/lib/node_modules/ender/node_modules/npm/node_modules/read-package-json/package.json
399 verbose from cache /Users/dubbs/nvm/v0.8.12/lib/node_modules/ender/node_modules/npm/node_modules/read-installed/package.json
400 verbose from cache /Users/dubbs/nvm/v0.8.12/lib/node_modules/ender/node_modules/npm/node_modules/glob/package.json
401 verbose from cache /Users/dubbs/nvm/v0.8.12/lib/node_modules/npm/node_modules/read/node_modules/mute-stream/package.json
402 verbose from cache /Users/dubbs/nvm/v0.8.12/lib/node_modules/npm/node_modules/init-package-json/node_modules/promzard/package.json
403 verbose read json /Users/dubbs/nvm/v0.8.12/lib/node_modules/npm/node_modules/init-package-json/node_modules/read/package.json
404 verbose read json /Users/dubbs/nvm/v0.8.12/lib/node_modules/npm/node_modules/init-package-json/node_modules/read-package-json/package.json
405 verbose read json /Users/dubbs/nvm/v0.8.12/lib/node_modules/npm/node_modules/init-package-json/node_modules/semver/package.json
406 verbose from cache /Users/dubbs/nvm/v0.8.12/lib/node_modules/bower/node_modules/request/node_modules/form-data/package.json
407 verbose from cache /Users/dubbs/nvm/v0.8.12/lib/node_modules/bower/node_modules/request/node_modules/mime/package.json
408 verbose read json /Users/dubbs/nvm/v0.8.12/lib/node_modules/npm/node_modules/npmconf/node_modules/config-chain/node_modules/proto-list/package.json
409 verbose read json /Users/dubbs/nvm/v0.8.12/lib/node_modules/ender/node_modules/npm/node_modules/fstream-npm/node_modules/fstream-ignore/package.json
410 verbose read json /Users/dubbs/nvm/v0.8.12/lib/node_modules/bower/node_modules/request/node_modules/form-data/node_modules/async/package.json
411 verbose read json /Users/dubbs/nvm/v0.8.12/lib/node_modules/bower/node_modules/request/node_modules/form-data/node_modules/combined-stream/package.json
412 verbose from cache /Users/dubbs/nvm/v0.8.12/lib/node_modules/zombie/node_modules/request/node_modules/form-data/package.json
413 verbose from cache /Users/dubbs/nvm/v0.8.12/lib/node_modules/zombie/node_modules/request/node_modules/mime/package.json
414 verbose from cache /Users/dubbs/nvm/v0.8.12/lib/node_modules/bower/node_modules/glob/node_modules/minimatch/node_modules/lru-cache/package.json
415 verbose from cache /Users/dubbs/nvm/v0.8.12/lib/node_modules/bower/node_modules/read-package-json/node_modules/npmlog/node_modules/ansi/package.json
416 verbose read json /Users/dubbs/nvm/v0.8.12/lib/node_modules/zombie/node_modules/request/node_modules/form-data/node_modules/async/package.json
417 verbose read json /Users/dubbs/nvm/v0.8.12/lib/node_modules/zombie/node_modules/request/node_modules/form-data/node_modules/combined-stream/package.json
418 verbose from cache /Users/dubbs/nvm/v0.8.12/lib/node_modules/zombie/node_modules/html5/node_modules/tap/node_modules/inherits/package.json
419 verbose from cache /Users/dubbs/nvm/v0.8.12/lib/node_modules/zombie/node_modules/html5/node_modules/tap/node_modules/yamlish/package.json
420 verbose from cache /Users/dubbs/nvm/v0.8.12/lib/node_modules/zombie/node_modules/html5/node_modules/tap/node_modules/slide/package.json
421 verbose from cache /Users/dubbs/nvm/v0.8.12/lib/node_modules/zombie/node_modules/html5/node_modules/tap/node_modules/runforcover/package.json
422 verbose read json /Users/dubbs/nvm/v0.8.12/lib/node_modules/zombie/node_modules/html5/node_modules/tap/node_modules/runforcover/node_modules/bunker/package.json
423 verbose read json /Users/dubbs/nvm/v0.8.12/lib/node_modules/npm/node_modules/fstream-npm/node_modules/fstream-ignore/node_modules/minimatch/package.json
424 verbose read json /Users/dubbs/nvm/v0.8.12/lib/node_modules/npm/node_modules/fstream-npm/node_modules/fstream-ignore/node_modules/fstream/package.json
425 verbose read json /Users/dubbs/nvm/v0.8.12/lib/node_modules/npm/node_modules/fstream-npm/node_modules/fstream-ignore/node_modules/inherits/package.json
426 verbose read json /Users/dubbs/nvm/v0.8.12/lib/node_modules/npm/node_modules/npm-registry-client/node_modules/couch-login/node_modules/request/package.json
427 verbose from cache /Users/dubbs/nvm/v0.8.12/lib/node_modules/npm/node_modules/npmconf/node_modules/config-chain/node_modules/proto-list/package.json
428 verbose read json /Users/dubbs/nvm/v0.8.12/lib/node_modules/npm/node_modules/npmconf/node_modules/config-chain/node_modules/ini/package.json
429 verbose read json /Users/dubbs/nvm/v0.8.12/lib/node_modules/ender/node_modules/npm/node_modules/minimatch/node_modules/lru-cache/package.json
430 verbose read json /Users/dubbs/nvm/v0.8.12/lib/node_modules/ender/node_modules/npm/node_modules/nopt/node_modules/abbrev/package.json
431 verbose read json /Users/dubbs/nvm/v0.8.12/lib/node_modules/ender/node_modules/npm/node_modules/rimraf/node_modules/graceful-fs/package.json
432 verbose read json /Users/dubbs/nvm/v0.8.12/lib/node_modules/ender/node_modules/npm/node_modules/tar/node_modules/inherits/package.json
433 verbose read json /Users/dubbs/nvm/v0.8.12/lib/node_modules/ender/node_modules/npm/node_modules/tar/node_modules/block-stream/package.json
434 verbose read json /Users/dubbs/nvm/v0.8.12/lib/node_modules/ender/node_modules/npm/node_modules/tar/node_modules/fstream/package.json
435 verbose read json /Users/dubbs/nvm/v0.8.12/lib/node_modules/ender/node_modules/npm/node_modules/fstream/node_modules/rimraf/package.json
436 verbose read json /Users/dubbs/nvm/v0.8.12/lib/node_modules/ender/node_modules/npm/node_modules/fstream/node_modules/mkdirp/package.json
437 verbose read json /Users/dubbs/nvm/v0.8.12/lib/node_modules/ender/node_modules/npm/node_modules/fstream/node_modules/graceful-fs/package.json
438 verbose read json /Users/dubbs/nvm/v0.8.12/lib/node_modules/ender/node_modules/npm/node_modules/fstream/node_modules/inherits/package.json
439 verbose read json /Users/dubbs/nvm/v0.8.12/lib/node_modules/ender/node_modules/npm/node_modules/block-stream/node_modules/inherits/package.json
440 verbose read json /Users/dubbs/nvm/v0.8.12/lib/node_modules/ender/node_modules/npm/node_modules/node-gyp/node_modules/glob/package.json
441 verbose read json /Users/dubbs/nvm/v0.8.12/lib/node_modules/ender/node_modules/npm/node_modules/node-gyp/node_modules/graceful-fs/package.json
442 verbose read json /Users/dubbs/nvm/v0.8.12/lib/node_modules/ender/node_modules/npm/node_modules/node-gyp/node_modules/fstream/package.json
443 verbose read json /Users/dubbs/nvm/v0.8.12/lib/node_modules/ender/node_modules/npm/node_modules/node-gyp/node_modules/minimatch/package.json
444 verbose read json /Users/dubbs/nvm/v0.8.12/lib/node_modules/ender/node_modules/npm/node_modules/node-gyp/node_modules/mkdirp/package.json
445 verbose read json /Users/dubbs/nvm/v0.8.12/lib/node_modules/ender/node_modules/npm/node_modules/node-gyp/node_modules/nopt/package.json
446 verbose read json /Users/dubbs/nvm/v0.8.12/lib/node_modules/ender/node_modules/npm/node_modules/node-gyp/node_modules/npmlog/package.json
447 verbose read json /Users/dubbs/nvm/v0.8.12/lib/node_modules/ender/node_modules/npm/node_modules/node-gyp/node_modules/request/package.json
448 verbose read json /Users/dubbs/nvm/v0.8.12/lib/node_modules/ender/node_modules/npm/node_modules/node-gyp/node_modules/rimraf/package.json
449 verbose read json /Users/dubbs/nvm/v0.8.12/lib/node_modules/ender/node_modules/npm/node_modules/node-gyp/node_modules/semver/package.json
450 verbose read json /Users/dubbs/nvm/v0.8.12/lib/node_modules/ender/node_modules/npm/node_modules/node-gyp/node_modules/tar/package.json
451 verbose read json /Users/dubbs/nvm/v0.8.12/lib/node_modules/ender/node_modules/npm/node_modules/node-gyp/node_modules/which/package.json
452 verbose read json /Users/dubbs/nvm/v0.8.12/lib/node_modules/ender/node_modules/npm/node_modules/npmlog/node_modules/ansi/package.json
453 verbose read json /Users/dubbs/nvm/v0.8.12/lib/node_modules/ender/node_modules/npm/node_modules/npm-registry-client/node_modules/node-uuid/package.json
454 verbose read json /Users/dubbs/nvm/v0.8.12/lib/node_modules/ender/node_modules/npm/node_modules/npm-registry-client/node_modules/request/package.json
455 verbose read json /Users/dubbs/nvm/v0.8.12/lib/node_modules/ender/node_modules/npm/node_modules/npm-registry-client/node_modules/graceful-fs/package.json
456 verbose read json /Users/dubbs/nvm/v0.8.12/lib/node_modules/ender/node_modules/npm/node_modules/npm-registry-client/node_modules/semver/package.json
457 verbose read json /Users/dubbs/nvm/v0.8.12/lib/node_modules/ender/node_modules/npm/node_modules/npm-registry-client/node_modules/slide/package.json
458 verbose read json /Users/dubbs/nvm/v0.8.12/lib/node_modules/ender/node_modules/npm/node_modules/npm-registry-client/node_modules/chownr/package.json
459 verbose read json /Users/dubbs/nvm/v0.8.12/lib/node_modules/ender/node_modules/npm/node_modules/npm-registry-client/node_modules/mkdirp/package.json
460 verbose read json /Users/dubbs/nvm/v0.8.12/lib/node_modules/ender/node_modules/npm/node_modules/npm-registry-client/node_modules/rimraf/package.json
461 verbose read json /Users/dubbs/nvm/v0.8.12/lib/node_modules/ender/node_modules/npm/node_modules/npm-registry-client/node_modules/npmlog/package.json
462 verbose read json /Users/dubbs/nvm/v0.8.12/lib/node_modules/ender/node_modules/npm/node_modules/read-package-json/node_modules/glob/package.json
463 verbose read json /Users/dubbs/nvm/v0.8.12/lib/node_modules/ender/node_modules/npm/node_modules/read-package-json/node_modules/lru-cache/package.json
464 verbose read json /Users/dubbs/nvm/v0.8.12/lib/node_modules/ender/node_modules/npm/node_modules/read-package-json/node_modules/semver/package.json
465 verbose read json /Users/dubbs/nvm/v0.8.12/lib/node_modules/ender/node_modules/npm/node_modules/read-package-json/node_modules/npmlog/package.json
466 verbose read json /Users/dubbs/nvm/v0.8.12/lib/node_modules/ender/node_modules/npm/node_modules/read-package-json/node_modules/graceful-fs/package.json
467 verbose read json /Users/dubbs/nvm/v0.8.12/lib/node_modules/ender/node_modules/npm/node_modules/read-installed/node_modules/semver/package.json
468 verbose read json /Users/dubbs/nvm/v0.8.12/lib/node_modules/ender/node_modules/npm/node_modules/read-installed/node_modules/slide/package.json
469 verbose read json /Users/dubbs/nvm/v0.8.12/lib/node_modules/ender/node_modules/npm/node_modules/read-installed/node_modules/read-package-json/package.json
470 verbose read json /Users/dubbs/nvm/v0.8.12/lib/node_modules/ender/node_modules/npm/node_modules/read-installed/node_modules/graceful-fs/package.json
471 verbose read json /Users/dubbs/nvm/v0.8.12/lib/node_modules/ender/node_modules/npm/node_modules/read-installed/node_modules/npmlog/package.json
472 verbose read json /Users/dubbs/nvm/v0.8.12/lib/node_modules/ender/node_modules/npm/node_modules/glob/node_modules/minimatch/package.json
473 verbose read json /Users/dubbs/nvm/v0.8.12/lib/node_modules/ender/node_modules/npm/node_modules/glob/node_modules/graceful-fs/package.json
474 verbose read json /Users/dubbs/nvm/v0.8.12/lib/node_modules/ender/node_modules/npm/node_modules/glob/node_modules/inherits/package.json
475 verbose read json /Users/dubbs/nvm/v0.8.12/lib/node_modules/npm/node_modules/init-package-json/node_modules/promzard/node_modules/read/package.json
476 verbose from cache /Users/dubbs/nvm/v0.8.12/lib/node_modules/ender/node_modules/npm/node_modules/fstream-npm/node_modules/fstream-ignore/package.json
477 verbose read json /Users/dubbs/nvm/v0.8.12/lib/node_modules/ender/node_modules/npm/node_modules/fstream-npm/node_modules/inherits/package.json
478 verbose from cache /Users/dubbs/nvm/v0.8.12/lib/node_modules/bower/node_modules/request/node_modules/form-data/node_modules/combined-stream/package.json
479 verbose read json /Users/dubbs/nvm/v0.8.12/lib/node_modules/bower/node_modules/request/node_modules/form-data/node_modules/mime/package.json
480 verbose from cache /Users/dubbs/nvm/v0.8.12/lib/node_modules/bower/node_modules/request/node_modules/form-data/node_modules/async/package.json
481 verbose from cache /Users/dubbs/nvm/v0.8.12/lib/node_modules/zombie/node_modules/request/node_modules/form-data/node_modules/combined-stream/package.json
482 verbose read json /Users/dubbs/nvm/v0.8.12/lib/node_modules/zombie/node_modules/request/node_modules/form-data/node_modules/mime/package.json
483 verbose from cache /Users/dubbs/nvm/v0.8.12/lib/node_modules/zombie/node_modules/request/node_modules/form-data/node_modules/async/package.json
484 verbose from cache /Users/dubbs/nvm/v0.8.12/lib/node_modules/zombie/node_modules/html5/node_modules/tap/node_modules/runforcover/node_modules/bunker/package.json
485 verbose read json /Users/dubbs/nvm/v0.8.12/lib/node_modules/bower/node_modules/request/node_modules/form-data/node_modules/combined-stream/node_modules/delayed-stream/package.json
486 verbose read json /Users/dubbs/nvm/v0.8.12/lib/node_modules/zombie/node_modules/request/node_modules/form-data/node_modules/combined-stream/node_modules/delayed-stream/package.json
487 verbose read json /Users/dubbs/nvm/v0.8.12/lib/node_modules/zombie/node_modules/html5/node_modules/tap/node_modules/runforcover/node_modules/bunker/node_modules/burrito/package.json
488 verbose read json /Users/dubbs/nvm/v0.8.12/lib/node_modules/ender/node_modules/npm/node_modules/fstream-npm/node_modules/fstream-ignore/node_modules/minimatch/package.json
489 verbose read json /Users/dubbs/nvm/v0.8.12/lib/node_modules/ender/node_modules/npm/node_modules/fstream-npm/node_modules/fstream-ignore/node_modules/fstream/package.json
490 verbose read json /Users/dubbs/nvm/v0.8.12/lib/node_modules/ender/node_modules/npm/node_modules/fstream-npm/node_modules/fstream-ignore/node_modules/inherits/package.json
491 verbose from cache /Users/dubbs/nvm/v0.8.12/lib/node_modules/zombie/node_modules/html5/node_modules/tap/node_modules/runforcover/node_modules/bunker/node_modules/burrito/package.json
492 verbose read json /Users/dubbs/nvm/v0.8.12/lib/node_modules/zombie/node_modules/html5/node_modules/tap/node_modules/runforcover/node_modules/bunker/node_modules/burrito/node_modules/.bin/package.json
493 verbose read json /Users/dubbs/nvm/v0.8.12/lib/node_modules/zombie/node_modules/html5/node_modules/tap/node_modules/runforcover/node_modules/bunker/node_modules/burrito/node_modules/traverse/package.json
494 verbose read json /Users/dubbs/nvm/v0.8.12/lib/node_modules/zombie/node_modules/html5/node_modules/tap/node_modules/runforcover/node_modules/bunker/node_modules/burrito/node_modules/uglify-js/package.json
495 verbose from cache /Users/dubbs/nvm/v0.8.12/lib/node_modules/bower/node_modules/request/node_modules/form-data/node_modules/combined-stream/node_modules/delayed-stream/package.json
496 verbose from cache /Users/dubbs/nvm/v0.8.12/lib/node_modules/zombie/node_modules/request/node_modules/form-data/node_modules/combined-stream/node_modules/delayed-stream/package.json
497 verbose from cache /Users/dubbs/nvm/v0.8.12/lib/node_modules/zombie/node_modules/html5/node_modules/tap/node_modules/runforcover/node_modules/bunker/node_modules/burrito/node_modules/traverse/package.json
498 verbose from cache /Users/dubbs/nvm/v0.8.12/lib/node_modules/zombie/node_modules/html5/node_modules/tap/node_modules/runforcover/node_modules/bunker/node_modules/burrito/node_modules/uglify-js/package.json
499 http 304 https://registry.npmjs.org/yeoman
500 silly registry.get cb [ 304,
500 silly registry.get   { server: 'CouchDB/1.2.1 (Erlang OTP/R15B)',
500 silly registry.get     etag: '"8V7OUDE2FSE4ONRITODUS3NPH"',
500 silly registry.get     date: 'Mon, 28 Jan 2013 02:10:58 GMT',
500 silly registry.get     'content-length': '0' } ]
501 verbose etag yeoman from cache
502 silly addNameRange number 2 { name: 'yeoman', range: '', hasData: true }
503 silly addNameRange versions [ 'yeoman',
503 silly addNameRange   [ '0.0.1',
503 silly addNameRange     '0.7.0',
503 silly addNameRange     '0.7.1',
503 silly addNameRange     '0.7.2',
503 silly addNameRange     '0.7.3',
503 silly addNameRange     '0.9.0',
503 silly addNameRange     '0.9.1',
503 silly addNameRange     '0.9.2',
503 silly addNameRange     '0.9.3',
503 silly addNameRange     '0.9.4',
503 silly addNameRange     '0.9.5',
503 silly addNameRange     '0.9.6' ] ]
504 verbose addNamed [ 'yeoman', '0.9.6' ]
505 verbose addNamed [ '0.9.6', '0.9.6' ]
506 silly lockFile 72540a0c-yeoman-0-9-6 yeoman@0.9.6
507 verbose lock yeoman@0.9.6 /Users/dubbs/.npm/72540a0c-yeoman-0-9-6.lock
508 verbose read json /Users/dubbs/.npm/yeoman/0.9.6/package/package.json
509 silly lockFile 72540a0c-yeoman-0-9-6 yeoman@0.9.6
510 silly lockFile fd94f358-yeoman yeoman@*
511 info outdated updating [ [ '/Users/dubbs/nvm/v0.8.12/lib', 'yeoman', '0.9.4', '0.9.6' ] ]
512 verbose install where,what [ '/Users/dubbs/nvm/v0.8.12/lib', [ 'yeoman@0.9.6' ] ]
513 verbose read json /Users/dubbs/nvm/v0.8.12/lib/package.json
514 verbose read json /Users/dubbs/nvm/v0.8.12/lib/package.json
515 verbose cache add [ 'yeoman@0.9.6', null ]
516 silly cache add name=undefined spec="yeoman@0.9.6" args=["yeoman@0.9.6",null]
517 verbose parsed url { pathname: 'yeoman@0.9.6',
517 verbose parsed url   path: 'yeoman@0.9.6',
517 verbose parsed url   href: 'yeoman@0.9.6' }
518 silly cache add name="yeoman" spec="0.9.6" args=["yeoman","0.9.6"]
519 verbose parsed url { pathname: '0.9.6', path: '0.9.6', href: '0.9.6' }
520 verbose addNamed [ 'yeoman', '0.9.6' ]
521 verbose addNamed [ '0.9.6', '0.9.6' ]
522 silly lockFile 72540a0c-yeoman-0-9-6 yeoman@0.9.6
523 verbose lock yeoman@0.9.6 /Users/dubbs/.npm/72540a0c-yeoman-0-9-6.lock
524 verbose url raw yeoman/0.9.6
525 verbose url resolving [ 'https://registry.npmjs.org/', './yeoman/0.9.6' ]
526 verbose url resolved https://registry.npmjs.org/yeoman/0.9.6
527 info trying registry request attempt 1 at 20:12:38
528 verbose etag "8V7OUDE2FSE4ONRITODUS3NPH"
529 http GET https://registry.npmjs.org/yeoman/0.9.6
530 http 304 https://registry.npmjs.org/yeoman/0.9.6
531 silly registry.get cb [ 304,
531 silly registry.get   { server: 'CouchDB/1.2.1 (Erlang OTP/R15B)',
531 silly registry.get     etag: '"8V7OUDE2FSE4ONRITODUS3NPH"',
531 silly registry.get     date: 'Mon, 28 Jan 2013 02:10:59 GMT',
531 silly registry.get     'content-length': '0' } ]
532 verbose etag yeoman/0.9.6 from cache
533 verbose from cache /Users/dubbs/.npm/yeoman/0.9.6/package/package.json
534 silly lockFile 72540a0c-yeoman-0-9-6 yeoman@0.9.6
535 silly resolved [ { name: 'yeoman',
535 silly resolved     version: '0.9.6',
535 silly resolved     description: 'The Yeoman CLI presents a command line interface for creating, building, maintaining, and shipping a project.',
535 silly resolved     keywords:
535 silly resolved      [ 'front-end',
535 silly resolved        'development',
535 silly resolved        'dev',
535 silly resolved        'build',
535 silly resolved        'web',
535 silly resolved        'tool',
535 silly resolved        'cli',
535 silly resolved        'scaffold',
535 silly resolved        'stack' ],
535 silly resolved     homepage: 'http://yeoman.io',
535 silly resolved     bugs: 'https://github.com/yeoman/yeoman/issues',
535 silly resolved     author: { name: 'Chrome Developer Relations' },
535 silly resolved     main: './yeoman',
535 silly resolved     bin:
535 silly resolved      { yeoman: './bin/yeoman',
535 silly resolved        _yeomaninsight: './bin/yeomaninsight.py' },
535 silly resolved     directories: { man: './man' },
535 silly resolved     repository: { type: 'git', url: 'git://github.com/yeoman/yeoman.git' },
535 silly resolved     scripts:
535 silly resolved      { test: 'node node_modules/mocha/bin/mocha test/test-*.js',
535 silly resolved        manpages: './scripts/docs-build' },
535 silly resolved     dependencies:
535 silly resolved      { grunt: 'http://github.com/cowboy/grunt/archive/0ba6d4b529.tar.gz',
535 silly resolved        'yeoman-generators': 'http://github.com/yeoman/generators/archive/0.9.5.tar.gz',
535 silly resolved        bower: '~0.3.0',
535 silly resolved        open: '0.0.2',
535 silly resolved        rimraf: '~2.0.1',
535 silly resolved        mkdirp: '~0.3.1',
535 silly resolved        requirejs: '~2.0.2',
535 silly resolved        'clean-css': '~0.3.2',
535 silly resolved        connect: '~2.2.1',
535 silly resolved        request: '~2.9.200',
535 silly resolved        'html-minifier': '~0.4.5',
535 silly resolved        which: '~1.0.5',
535 silly resolved        cheerio: '~0.9.2',
535 silly resolved        fstream: '~0.1.18',
535 silly resolved        'fstream-ignore': '0.0.5',
535 silly resolved        tar: '~0.1.13',
535 silly resolved        'coffee-script': '~1.3.3',
535 silly resolved        'grunt-jasmine-task': '~0.2.2',
535 silly resolved        'faye-websocket': '~0.4.2',
535 silly resolved        shelljs: '~0.0.6',
535 silly resolved        prompt: '~0.1.12',
535 silly resolved        colors: '~0.6.0',
535 silly resolved        'grunt-mocha': '~0.1.3',
535 silly resolved        'es6-collections': '>=0.2.0',
535 silly resolved        'grunt-contrib-coffee': '~0.3.1' },
535 silly resolved     devDependencies: { mocha: '~1.4.0', ronn: '~0.3.8' },
535 silly resolved     engines: { node: '>=0.8.0' },
535 silly resolved     man:
535 silly resolved      [ '/Users/dubbs/.npm/yeoman/0.9.6/package/man/bower.1',
535 silly resolved        '/Users/dubbs/.npm/yeoman/0.9.6/package/man/build.1',
535 silly resolved        '/Users/dubbs/.npm/yeoman/0.9.6/package/man/faq.1',
535 silly resolved        '/Users/dubbs/.npm/yeoman/0.9.6/package/man/folders.1',
535 silly resolved        '/Users/dubbs/.npm/yeoman/0.9.6/package/man/gruntfile.1',
535 silly resolved        '/Users/dubbs/.npm/yeoman/0.9.6/package/man/init.1',
535 silly resolved        '/Users/dubbs/.npm/yeoman/0.9.6/package/man/insight.1',
535 silly resolved        '/Users/dubbs/.npm/yeoman/0.9.6/package/man/serve.1',
535 silly resolved        '/Users/dubbs/.npm/yeoman/0.9.6/package/man/server.1',
535 silly resolved        '/Users/dubbs/.npm/yeoman/0.9.6/package/man/test.1',
535 silly resolved        '/Users/dubbs/.npm/yeoman/0.9.6/package/man/yeoman.1' ],
535 silly resolved     readme: '# Yeoman CLI\n\nThe Yeoman CLI presents a command-line interface for creating, building, maintaining, and shipping a project.\n\nFor more information, see the project [readme](https://github.com/yeoman/yeoman#welcome-friend).\n',
535 silly resolved     _id: 'yeoman@0.9.6',
535 silly resolved     _from: 'yeoman@0.9.6' } ]
536 info install yeoman@0.9.6 into /Users/dubbs/nvm/v0.8.12/lib
537 info installOne yeoman@0.9.6
538 verbose from cache /Users/dubbs/.npm/yeoman/0.9.6/package/package.json
539 info /Users/dubbs/nvm/v0.8.12/lib/node_modules/yeoman unbuild
540 verbose from cache /Users/dubbs/nvm/v0.8.12/lib/node_modules/yeoman/package.json
541 info preuninstall yeoman@0.9.4
542 info uninstall yeoman@0.9.4
543 verbose true,/Users/dubbs/nvm/v0.8.12/lib/node_modules,/Users/dubbs/nvm/v0.8.12/lib/node_modules unbuild yeoman@0.9.4
544 verbose /Users/dubbs/nvm/v0.8.12/bin,[object Object] binRoot
545 info /Users/dubbs/nvm/v0.8.12/lib/node_modules/yeoman unbuild
546 verbose read json /Users/dubbs/nvm/v0.8.12/lib/node_modules/yeoman/package.json
547 info preuninstall yeoman@0.9.4
548 info uninstall yeoman@0.9.4
549 verbose true,/Users/dubbs/nvm/v0.8.12/lib/node_modules,/Users/dubbs/nvm/v0.8.12/lib/node_modules unbuild yeoman@0.9.4
550 verbose /Users/dubbs/nvm/v0.8.12/bin,[object Object] binRoot
551 error error rolling back Error: EPERM, chmod '/Users/dubbs/nvm/v0.8.12/bin/yeoman'
551 error error rolling back  yeoman@0.9.6 { [Error: EPERM, chmod '/Users/dubbs/nvm/v0.8.12/bin/yeoman']
551 error error rolling back   errno: 50,
551 error error rolling back   code: 'EPERM',
551 error error rolling back   path: '/Users/dubbs/nvm/v0.8.12/bin/yeoman' }
552 error Error: EPERM, chmod '/Users/dubbs/nvm/v0.8.12/bin/yeoman'
552 error  { [Error: EPERM, chmod '/Users/dubbs/nvm/v0.8.12/bin/yeoman']
552 error   errno: 50,
552 error   code: 'EPERM',
552 error   path: '/Users/dubbs/nvm/v0.8.12/bin/yeoman' }
553 error Please try running this command again as root/Administrator.
554 error System Darwin 11.4.2
555 error command "/Users/dubbs/nvm/v0.8.12/bin/node" "/Users/dubbs/nvm/v0.8.12/bin/npm" "update" "-g" "yeoman"
556 error cwd /Library/WebServer/Documents/yeoman-foundation
557 error node -v v0.8.12
558 error npm -v 1.1.63
559 error path /Users/dubbs/nvm/v0.8.12/bin/yeoman
560 error code EPERM
561 error errno 50
562 error stack Error: EPERM, chmod '/Users/dubbs/nvm/v0.8.12/bin/yeoman'
563 verbose exit [ 50, true ]
